<?xml version="1.0" encoding="UTF-8"?>
<testng-results skipped="0" failed="0" total="1" passed="1">
  <reporter-output>
  </reporter-output>
  <suite name="Suite" duration-ms="37723" started-at="2017-10-28T03:49:26Z" finished-at="2017-10-28T03:50:04Z">
    <groups>
    </groups>
    <test name="Test" duration-ms="37723" started-at="2017-10-28T03:49:26Z" finished-at="2017-10-28T03:50:04Z">
      <class name="application.testcases.LoginTestScenarios3">
        <test-method status="PASS" signature="setupReport()[pri:0, instance:application.testcases.LoginTestScenarios3@1bce4f0a]" name="setupReport" is-config="true" duration-ms="741" started-at="2017-10-28T09:19:25Z" finished-at="2017-10-28T09:19:26Z">
          <reporter-output>
          </reporter-output>
        </test-method> <!-- setupReport -->
        <test-method status="PASS" signature="startBrowser(java.lang.String)[pri:0, instance:application.testcases.LoginTestScenarios3@1bce4f0a]" name="startBrowser" is-config="true" duration-ms="25994" started-at="2017-10-28T09:19:26Z" finished-at="2017-10-28T09:19:52Z">
          <params>
            <param index="0">
              <value>
                <![CDATA[Chrome]]>
              </value>
            </param>
          </params>
          <reporter-output>
          </reporter-output>
        </test-method> <!-- startBrowser -->
        <test-method status="PASS" signature="loginWithValidCredentials()[pri:0, instance:application.testcases.LoginTestScenarios3@1bce4f0a]" name="loginWithValidCredentials" duration-ms="9585" started-at="2017-10-28T09:19:52Z" description="This test will verify user is able to login with valid crendentials" finished-at="2017-10-28T09:20:02Z">
          <reporter-output>
          </reporter-output>
        </test-method> <!-- loginWithValidCredentials -->
        <test-method status="PASS" signature="tearDown(org.testng.ITestResult)[pri:0, instance:application.testcases.LoginTestScenarios3@1bce4f0a]" name="tearDown" is-config="true" duration-ms="2099" started-at="2017-10-28T09:20:02Z" finished-at="2017-10-28T09:20:04Z">
          <params>
            <param index="0">
              <value>
                <![CDATA[[TestResult name=loginWithValidCredentials status=SUCCESS method=LoginTestScenarios3.loginWithValidCredentials()[pri:0, instance:application.testcases.LoginTestScenarios3@1bce4f0a] output={null}]]]>
              </value>
            </param>
          </params>
          <reporter-output>
          </reporter-output>
        </test-method> <!-- tearDown -->
        <test-method status="PASS" signature="generateReport()[pri:0, instance:application.testcases.LoginTestScenarios3@1bce4f0a]" name="generateReport" is-config="true" duration-ms="9056" started-at="2017-10-28T09:20:04Z" finished-at="2017-10-28T09:20:13Z">
          <reporter-output>
          </reporter-output>
        </test-method> <!-- generateReport -->
      </class> <!-- application.testcases.LoginTestScenarios3 -->
    </test> <!-- Test -->
  </suite> <!-- Suite -->
</testng-results>
